#
# There is insufficient memory for the Java Runtime Environment to continue.
# Native memory allocation (mmap) failed to map 123731968 bytes. Error detail: G1 virtual space
# Possible reasons:
#   The system is out of physical RAM or swap space
#   This process is running with CompressedOops enabled, and the Java Heap may be blocking the growth of the native heap
# Possible solutions:
#   Reduce memory load on the system
#   Increase physical memory or swap space
#   Check if swap backing store is full
#   Decrease Java heap size (-Xmx/-Xms)
#   Decrease number of Java threads
#   Decrease Java thread stack sizes (-Xss)
#   Set larger code cache with -XX:ReservedCodeCacheSize=
#   JVM is running with Unscaled Compressed Oops mode in which the Java heap is
#     placed in the first 4GB address space. The Java Heap base address is the
#     maximum limit for the native heap growth. Please use -XX:HeapBaseMinAddress
#     to set the Java Heap base and to place the Java Heap above 4GB virtual address.
# This output file may be truncated or incomplete.
#
#  Out of Memory Error (os_windows.cpp:3703), pid=11516, tid=1212
#
# JRE version:  (23.0.1+11) (build )
# Java VM: Java HotSpot(TM) 64-Bit Server VM (23.0.1+11-39, mixed mode, sharing, tiered, compressed oops, compressed class ptrs, g1 gc, windows-amd64)
# No core dump will be written. Minidumps are not enabled by default on client versions of Windows
#

---------------  S U M M A R Y ------------

Command Line: -Dfile.encoding=UTF-8 --module-path=D:\Codehub\projectshub\AirlineManagementSystem-master\AirlineManagementSystem\build\classes airlinemanagementsystem.Home

Host: AMD Ryzen 5 5600H with Radeon Graphics         , 12 cores, 7G,  Windows 11 , 64 bit Build 22621 (10.0.22621.4391)
Time: Fri Nov 15 15:13:16 2024 India Standard Time elapsed time: 0.018522 seconds (0d 0h 0m 0s)

---------------  T H R E A D  ---------------

Current thread (0x0000023e92b4bd10):  JavaThread "Unknown thread" [_thread_in_vm, id=1212, stack(0x0000006d43100000,0x0000006d43200000) (1024K)]

Stack: [0x0000006d43100000,0x0000006d43200000]
Native frames: (J=compiled Java code, j=interpreted, Vv=VM code, C=native code)
V  [jvm.dll+0x6e08b9]  (no source info available)
V  [jvm.dll+0x87dc83]  (no source info available)
V  [jvm.dll+0x88010e]  (no source info available)
V  [jvm.dll+0x8807e3]  (no source info available)
V  [jvm.dll+0x27aee6]  (no source info available)
V  [jvm.dll+0x6dd1c5]  (no source info available)
V  [jvm.dll+0x6d104a]  (no source info available)
V  [jvm.dll+0x35b3ea]  (no source info available)
V  [jvm.dll+0x3637f6]  (no source info available)
V  [jvm.dll+0x34fd5e]  (no source info available)
V  [jvm.dll+0x34fff8]  (no source info available)
V  [jvm.dll+0x3289cc]  (no source info available)
V  [jvm.dll+0x32966e]  (no source info available)
V  [jvm.dll+0x844355]  (no source info available)
V  [jvm.dll+0x3b9848]  (no source info available)
V  [jvm.dll+0x82d14c]  (no source info available)
V  [jvm.dll+0x454d4e]  (no source info available)
V  [jvm.dll+0x456bd1]  (no source info available)
C  [jli.dll+0x52a3]  (no source info available)
C  [ucrtbase.dll+0x29333]  (no source info available)
C  [KERNEL32.DLL+0x1259d]  (no source info available)
C  [ntdll.dll+0x5af38]  (no source info available)

Lock stack of current Java thread (top to bottom):


---------------  P R O C E S S  ---------------

Threads class SMR info:
_java_thread_list=0x00007ffb6a4a3618, length=0, elements={
}

Java Threads: ( => current thread )
Total: 0

Other Threads:
  0x0000023e94eead70 WorkerThread "GC Thread#0"                     [id=19924, stack(0x0000006d43200000,0x0000006d43300000) (1024K)]
  0x0000023e94efe380 ConcurrentGCThread "G1 Main Marker"            [id=11140, stack(0x0000006d43300000,0x0000006d43400000) (1024K)]
  0x0000023e94eff040 WorkerThread "G1 Conc#0"                       [id=2736, stack(0x0000006d43400000,0x0000006d43500000) (1024K)]

[error occurred during error reporting (printing all threads), id 0xc0000005, EXCEPTION_ACCESS_VIOLATION (0xc0000005) at pc=0x00007ffb69bebfba]
VM state: not at safepoint (not fully initialized)

VM Mutex/Monitor currently owned by a thread:  ([mutex/lock_event])
[0x00007ffb6a523a10] Heap_lock - owner thread: 0x0000023e92b4bd10

Heap address: 0x000000008a800000, size: 1880 MB, Compressed Oops mode: 32-bit

CDS archive(s) mapped at: [0x0000000000000000-0x0000000000000000-0x0000000000000000), size 0, SharedBaseAddress: 0x0000000800000000, ArchiveRelocationMode: 1.
Narrow klass base: 0x0000000000000000, Narrow klass shift: 0, Narrow klass range: 0x0

GC Precious Log:
 CardTable entry size: 512
 Card Set container configuration: InlinePtr #cards 5 size 8 Array Of Cards #cards 10 size 36 Howl #buckets 4 coarsen threshold 1843 Howl Bitmap #cards 512 size 80 coarsen threshold 460 Card regions per heap region 1 cards per card region 2048

Heap:
 garbage-first heap   total reserved 1925120K, committed 0K, used 0K [0x000000008a800000, 0x0000000100000000)
  region size 1024K, 0 young (0K), 0 survivors (0K)

[error occurred during error reporting (printing heap information), id 0xc0000005, EXCEPTION_ACCESS_VIOLATION (0xc0000005) at pc=0x00007ffb69fec3c9]
GC Heap History (0 events):
No events

Dll operation events (1 events):
Event: 0.012 Loaded shared library C:\Program Files\Java\jdk-23\bin\java.dll

Deoptimization events (0 events):
No events

Classes loaded (0 events):
No events

Classes unloaded (0 events):
No events

Classes redefined (0 events):
No events

Internal exceptions (0 events):
No events

VM Operations (0 events):
No events

Memory protections (0 events):
No events

Nmethod flushes (0 events):
No events

Events (0 events):
No events


Dynamic libraries:
0x00007ff62ef50000 - 0x00007ff62ef60000 	C:\Program Files\Java\jdk-23\bin\java.exe
0x00007ffc1a710000 - 0x00007ffc1a927000 	C:\windows\SYSTEM32\ntdll.dll
0x00007ffc19c50000 - 0x00007ffc19d14000 	C:\windows\System32\KERNEL32.DLL
0x00007ffc17e10000 - 0x00007ffc181c9000 	C:\windows\System32\KERNELBASE.dll
0x00007ffc17ba0000 - 0x00007ffc17cb1000 	C:\windows\System32\ucrtbase.dll
0x00007ffbf00c0000 - 0x00007ffbf00db000 	C:\Program Files\Java\jdk-23\bin\VCRUNTIME140.dll
0x00007ffbeff00000 - 0x00007ffbeff17000 	C:\Program Files\Java\jdk-23\bin\jli.dll
0x00007ffc19e30000 - 0x00007ffc19fde000 	C:\windows\System32\USER32.dll
0x00007ffc16d30000 - 0x00007ffc16fc2000 	C:\windows\WinSxS\amd64_microsoft.windows.common-controls_6595b64144ccf1df_6.0.22621.4391_none_2715d37f73803e96\COMCTL32.dll
0x00007ffc18340000 - 0x00007ffc18366000 	C:\windows\System32\win32u.dll
0x00007ffc1a0c0000 - 0x00007ffc1a0e9000 	C:\windows\System32\GDI32.dll
0x00007ffc18c40000 - 0x00007ffc18ce7000 	C:\windows\System32\msvcrt.dll
0x00007ffc17cc0000 - 0x00007ffc17ddb000 	C:\windows\System32\gdi32full.dll
0x00007ffc17a80000 - 0x00007ffc17b1a000 	C:\windows\System32\msvcp_win.dll
0x00007ffc1a3b0000 - 0x00007ffc1a3e1000 	C:\windows\System32\IMM32.DLL
0x00007ffc13120000 - 0x00007ffc1312c000 	C:\Program Files\Java\jdk-23\bin\vcruntime140_1.dll
0x00007ffbe9210000 - 0x00007ffbe929e000 	C:\Program Files\Java\jdk-23\bin\msvcp140.dll
0x00007ffb698b0000 - 0x00007ffb6a5ff000 	C:\Program Files\Java\jdk-23\bin\server\jvm.dll
0x00007ffc19d70000 - 0x00007ffc19e22000 	C:\windows\System32\ADVAPI32.dll
0x00007ffc19fe0000 - 0x00007ffc1a087000 	C:\windows\System32\sechost.dll
0x00007ffc17de0000 - 0x00007ffc17e08000 	C:\windows\System32\bcrypt.dll
0x00007ffc1a3f0000 - 0x00007ffc1a504000 	C:\windows\System32\RPCRT4.dll
0x00007ffc1a330000 - 0x00007ffc1a3a1000 	C:\windows\System32\WS2_32.dll
0x00007ffc178e0000 - 0x00007ffc1792d000 	C:\windows\SYSTEM32\POWRPROF.dll
0x00007ffc12340000 - 0x00007ffc12374000 	C:\windows\SYSTEM32\WINMM.dll
0x00007ffc16ae0000 - 0x00007ffc16aea000 	C:\windows\SYSTEM32\VERSION.dll
0x00007ffc178c0000 - 0x00007ffc178d3000 	C:\windows\SYSTEM32\UMPDC.dll
0x00007ffc15ae0000 - 0x00007ffc15af8000 	C:\windows\SYSTEM32\kernel.appcore.dll
0x00007ffc057f0000 - 0x00007ffc057fa000 	C:\Program Files\Java\jdk-23\bin\jimage.dll
0x00007ffc17280000 - 0x00007ffc174b2000 	C:\windows\SYSTEM32\DBGHELP.DLL
0x00007ffc188b0000 - 0x00007ffc18c3f000 	C:\windows\System32\combase.dll
0x00007ffc19570000 - 0x00007ffc19647000 	C:\windows\System32\OLEAUT32.dll
0x00007ffc17170000 - 0x00007ffc171a2000 	C:\windows\SYSTEM32\dbgcore.DLL
0x00007ffc17b20000 - 0x00007ffc17b9b000 	C:\windows\System32\bcryptPrimitives.dll
0x00007ffbf00a0000 - 0x00007ffbf00be000 	C:\Program Files\Java\jdk-23\bin\java.dll
0x00007ffc19650000 - 0x00007ffc197f5000 	C:\windows\System32\ole32.dll
0x00007ffc18cf0000 - 0x00007ffc19566000 	C:\windows\System32\SHELL32.dll

dbghelp: loaded successfully - version: 4.0.5 - missing functions: none
symbol engine: initialized successfully - sym options: 0x614 - pdb path: .;C:\Program Files\Java\jdk-23\bin;C:\windows\SYSTEM32;C:\windows\WinSxS\amd64_microsoft.windows.common-controls_6595b64144ccf1df_6.0.22621.4391_none_2715d37f73803e96;C:\Program Files\Java\jdk-23\bin\server

VM Arguments:
jvm_args: -Dfile.encoding=UTF-8 --module-path=D:\Codehub\projectshub\AirlineManagementSystem-master\AirlineManagementSystem\build\classes 
java_command: airlinemanagementsystem.Home
java_class_path (initial): D:\Codehub\extensionhub\mysql-connector-java-8.0.28.jar;D:\Codehub\extensionhub\rs2xml.jar;D:\Codehub\extensionhub\jcalendar-tz-1.3.3-4.jar;D:\Codehub\projectshub\AirlineManagementSystem-master\AirlineManagementSystem\build\classes
Launcher Type: SUN_STANDARD

[Global flags]
     intx CICompilerCount                          = 4                                         {product} {ergonomic}
     uint ConcGCThreads                            = 3                                         {product} {ergonomic}
     uint G1ConcRefinementThreads                  = 10                                        {product} {ergonomic}
   size_t G1HeapRegionSize                         = 1048576                                   {product} {ergonomic}
   size_t InitialHeapSize                          = 123731968                                 {product} {ergonomic}
   size_t MarkStackSize                            = 4194304                                   {product} {ergonomic}
   size_t MarkStackSizeMax                         = 536870912                                 {product} {ergonomic}
   size_t MaxHeapSize                              = 1971322880                                {product} {ergonomic}
   size_t MinHeapDeltaBytes                        = 1048576                                   {product} {ergonomic}
   size_t MinHeapSize                              = 8388608                                   {product} {ergonomic}
    uintx NonNMethodCodeHeapSize                   = 5832704                                {pd product} {ergonomic}
    uintx NonProfiledCodeHeapSize                  = 122945536                              {pd product} {ergonomic}
    uintx ProfiledCodeHeapSize                     = 122880000                              {pd product} {ergonomic}
    uintx ReservedCodeCacheSize                    = 251658240                              {pd product} {ergonomic}
     bool SegmentedCodeCache                       = true                                      {product} {ergonomic}
   size_t SoftMaxHeapSize                          = 1971322880                             {manageable} {ergonomic}
     bool UseCompressedOops                        = true                           {product lp64_product} {ergonomic}
     bool UseG1GC                                  = true                                      {product} {ergonomic}
     bool UseLargePagesIndividualAllocation        = false                                  {pd product} {ergonomic}

Logging:
Log output configuration:
 #0: stdout all=warning uptime,level,tags foldmultilines=false
 #1: stderr all=off uptime,level,tags foldmultilines=false

Environment Variables:
PATH=C:\Program Files\Common Files\Oracle\Java\javapath;C:\Users\Hp\Downloads\WINDOWS.X64_193000_db_home\bin;C:\windows\system32;C:\windows;C:\windows\System32\Wbem;C:\windows\System32\WindowsPowerShell\v1.0\;C:\windows\System32\OpenSSH\;C:\Program Files\MySQL\MySQL Server 8.0\bin;C:\Program Files\Java\jdk-21\bin;C:\Program Files\nodejs\;C:\Program Files\Git\cmd;C:\APACHEMAVEN\apache-maven-3.9.9\bin;C:\Program Files\Java\jdk-23\bin;C:\Users\Hp\AppData\Local\Programs\Python\Python312\Scripts\;C:\Users\Hp\AppData\Local\Programs\Python\Python312\;C:\Users\Hp\AppData\Local\Programs\Python\Launcher\;C:\Users\Hp\AppData\Local\Microsoft\WindowsApps;C:\Users\Hp\AppData\Local\GitHubDesktop\bin;C:\ProgramData\Hp\GitHubDesktop\bin;C:\Users\Hp\AppData\Roaming\npm;C:\Users\Hp\AppData\Local\Microsoft\WinGet\Links;C:\Users\Hp\AppData\Local\Programs\Microsoft VS Code\bin
USERNAME=Hp
OS=Windows_NT
PROCESSOR_IDENTIFIER=AMD64 Family 25 Model 80 Stepping 0, AuthenticAMD
TMP=C:\Users\Hp\AppData\Local\Temp
TEMP=C:\Users\Hp\AppData\Local\Temp




Periodic native trim disabled

---------------  S Y S T E M  ---------------

OS:
 Windows 11 , 64 bit Build 22621 (10.0.22621.4391)
OS uptime: 3 days 14:01 hours
Hyper-V role detected

CPU: total 12 (initial active 12) (12 cores per cpu, 2 threads per core) family 25 model 80 stepping 0 microcode 0x0, cx8, cmov, fxsr, ht, mmx, 3dnowpref, sse, sse2, sse3, ssse3, sse4a, sse4.1, sse4.2, popcnt, lzcnt, tsc, tscinvbit, avx, avx2, aes, erms, clmul, bmi1, bmi2, adx, sha, fma, vzeroupper, clflush, clflushopt, hv, rdtscp, rdpid, fsrm, f16c, cet_ss
Processor Information for processor 0
  Max Mhz: 3301, Current Mhz: 1805, Mhz Limit: 3301
Processor Information for processor 1
  Max Mhz: 3301, Current Mhz: 1805, Mhz Limit: 3301
Processor Information for processor 2
  Max Mhz: 3301, Current Mhz: 1805, Mhz Limit: 3301
Processor Information for processor 3
  Max Mhz: 3301, Current Mhz: 1805, Mhz Limit: 3301
Processor Information for processor 4
  Max Mhz: 3301, Current Mhz: 1805, Mhz Limit: 3301
Processor Information for processor 5
  Max Mhz: 3301, Current Mhz: 1805, Mhz Limit: 3301
Processor Information for processor 6
  Max Mhz: 3301, Current Mhz: 1805, Mhz Limit: 3301
Processor Information for processor 7
  Max Mhz: 3301, Current Mhz: 1805, Mhz Limit: 3301
Processor Information for processor 8
  Max Mhz: 3301, Current Mhz: 3301, Mhz Limit: 3301
Processor Information for processor 9
  Max Mhz: 3301, Current Mhz: 1805, Mhz Limit: 3301
Processor Information for processor 10
  Max Mhz: 3301, Current Mhz: 1805, Mhz Limit: 3301
Processor Information for processor 11
  Max Mhz: 3301, Current Mhz: 1805, Mhz Limit: 3301

Memory: 4k page, system-wide physical 7519M (493M free)
TotalPageFile size 30950M (AvailPageFile size 7M)
current process WorkingSet (physical memory assigned to process): 12M, peak: 12M
current process commit charge ("private bytes"): 64M, peak: 182M

vm_info: Java HotSpot(TM) 64-Bit Server VM (23.0.1+11-39) for windows-amd64 JRE (23.0.1+11-39), built on 2024-09-30T07:20:43Z with MS VC++ 17.6 (VS2022)

END.
